

***********************************************************************
Fatal NI connect error 12514, connecting to:
 (DESCRIPTION=(ADDRESS=(PROTOCOL=TCP)(HOST=edwincuellar)(PORT=1521))(CONNECT_DATA=(SERVICE_NAME=XE)(INSTANCE_NAME=XE)(SERVER=DEDICATED)(CID=(PROGRAM=C:\DevSuite10g\bin\frmbld.exe)(HOST=EDWINCUELLAR)(USER=Edwin))))

  VERSION INFORMATION:
	TNS for 32-bit Windows: Version 10.1.0.4.0 - Production
	Windows NT TCP/IP NT Protocol Adapter for 32-bit Windows: Version 10.1.0.4.0 - Production
  Time: 25-MAY-2015 11:09:03
  Tracing not turned on.
  Tns error struct:
    ns main err code: 12564
    TNS-12564: TNS:connection refused
    ns secondary err code: 0
    nt main err code: 0
    nt secondary err code: 0
    nt OS err code: 0


***********************************************************************
Fatal NI connect error 12514, connecting to:
 (DESCRIPTION=(ADDRESS=(PROTOCOL=TCP)(HOST=edwincuellar)(PORT=1521))(CONNECT_DATA=(SERVICE_NAME=XE)(INSTANCE_NAME=XE)(SERVER=DEDICATED)(CID=(PROGRAM=C:\DevSuite10g\bin\frmbld.exe)(HOST=EDWINCUELLAR)(USER=Edwin))))

  VERSION INFORMATION:
	TNS for 32-bit Windows: Version 10.1.0.4.0 - Production
	Windows NT TCP/IP NT Protocol Adapter for 32-bit Windows: Version 10.1.0.4.0 - Production
  Time: 25-MAY-2015 11:10:24
  Tracing not turned on.
  Tns error struct:
    ns main err code: 12564
    TNS-12564: TNS:connection refused
    ns secondary err code: 0
    nt main err code: 0
    nt secondary err code: 0
    nt OS err code: 0
